<?xml version="1.0" encoding="UTF-8"?>
<testsuite xmlns:xsi="http://www.w3.org/2001/XMLSchema-instance" xsi:noNamespaceSchemaLocation="https://maven.apache.org/surefire/maven-surefire-plugin/xsd/surefire-test-report.xsd" name="runners.SmokeRunner" time="0.94" tests="57" errors="0" skipped="22" failures="0">
  <properties>
[...]
</properties>
  <testcase name="Given User &quot;johnDoe@gmail.com&quot; with password &quot;ExtreamnelyHardPa$$&quot; is registered" classname="Scenario: Integer Params -Buy functionality" time="0.003"/>
  <testcase name="Given User &quot;johnDoe@gmail.com&quot; with password &quot;ExtreamnelyHardPa$$&quot; is registered" classname="Scenario: Integer Params -Buy functionality" time="0"/>
  <testcase name="When User &quot;johnDoe@gmail.com&quot; with password &quot;ExtreamnelyHardPa$$&quot; logs in" classname="Scenario: Integer Params -Buy functionality" time="0"/>
  <testcase name="When User &quot;johnDoe@gmail.com&quot; with password &quot;ExtreamnelyHardPa$$&quot; logs in" classname="Scenario: Integer Params -Buy functionality" time="0"/>
  <testcase name="And User  &quot;johnDoe@gmail.com&quot; should be navigated to HomePage" classname="Scenario: Integer Params -Buy functionality" time="0"/>
  <testcase name="And User  &quot;johnDoe@gmail.com&quot; should be navigated to HomePage" classname="Scenario: Integer Params -Buy functionality" time="0"/>
  <testcase name="And User Buys 20 &quot;Iphones&quot;" classname="Scenario: Integer Params -Buy functionality" time="0"/>
  <testcase name="And User Buys 20 &quot;Iphones&quot;" classname="Scenario: Integer Params -Buy functionality" time="0.001"/>
  <testcase name="Then User should have 20 &quot;Iphones&quot;" classname="Scenario: Integer Params -Buy functionality" time="0"/>
  <testcase name="Then User should have 20 &quot;Iphones&quot;" classname="Scenario: Integer Params -Buy functionality" time="0"/>
  <testcase name="Scenario: Integer Params -Buy functionality" classname="Scenario: Integer Params -Buy functionality" time="0.001"/>
  <testcase name="Scenario: Integer Params -Buy functionality" classname="Scenario: Integer Params -Buy functionality" time="0.001"/>
  <testcase name="Given User &quot;johnDoe@gmail.com&quot; with password &quot;ExtreamnelyHardPa$$&quot; is registered" classname="| 100 | Iphone | 10 | 90 |" time="0"/>
  <testcase name="When User &quot;johnDoe@gmail.com&quot; with password &quot;ExtreamnelyHardPa$$&quot; logs in" classname="| 100 | Iphone | 10 | 90 |" time="0"/>
  <testcase name="And User  &quot;johnDoe@gmail.com&quot; should be navigated to HomePage" classname="| 100 | Iphone | 10 | 90 |" time="0"/>
  <testcase name="Given Apple store has 100 &quot;Iphone&quot;" classname="| 100 | Iphone | 10 | 90 |" time="0">
    <skipped/>
    <system-out><![CDATA[
  Background:                                                                        &amp#27;[90m# features/BackgroundAndOutline.feature:3&amp#27;[0m
    &amp#27;[32mGiven &amp#27;[0m&amp#27;[32mUser "&amp#27;[0m&amp#27;[32m&amp#27;[1mjohnDoe@gmail.com&amp#27;[0m&amp#27;[32m" with password "&amp#27;[0m&amp#27;[32m&amp#27;[1mExtreamnelyHardPa$$&amp#27;[0m&amp#27;[32m" is registered&amp#27;[0m &amp#27;[90m# ParamStepDefs.user_with_password_is_registered(String,String)&amp#27;[0m
    &amp#27;[32mWhen &amp#27;[0m&amp#27;[32mUser "&amp#27;[0m&amp#27;[32m&amp#27;[1mjohnDoe@gmail.com&amp#27;[0m&amp#27;[32m" with password "&amp#27;[0m&amp#27;[32m&amp#27;[1mExtreamnelyHardPa$$&amp#27;[0m&amp#27;[32m" logs in&amp#27;[0m        &amp#27;[90m# ParamStepDefs.user_with_password_logs_in(String,String)&amp#27;[0m
    &amp#27;[32mAnd &amp#27;[0m&amp#27;[32mUser  "&amp#27;[0m&amp#27;[32m&amp#27;[1mjohnDoe@gmail.com&amp#27;[0m&amp#27;[32m" should be navigated to HomePage&amp#27;[0m                    &amp#27;[90m# ParamStepDefs.userShouldBeNavigatedToHomePage(String)&amp#27;[0m
]]></system-out>
  </testcase>
  <testcase name="When User buys 10 &quot;Iphone&quot;" classname="| 100 | Iphone | 10 | 90 |" time="0">
    <skipped/>
  </testcase>
  <testcase name="Then User should have 10 &quot;Iphone&quot;" classname="| 100 | Iphone | 10 | 90 |" time="0">
    <skipped/>
  </testcase>
  <testcase name="And Apple Store should have 90 &quot;Iphone&quot;" classname="| 100 | Iphone | 10 | 90 |" time="0">
    <skipped/>
  </testcase>
  <testcase name="| 100 | Iphone | 10 | 90 |" classname="| 100 | Iphone | 10 | 90 |" time="0">
    <skipped/>
  </testcase>
  <testcase name="| 100 | Iphone | 10 | 90 |" classname="| 100 | Iphone | 10 | 90 |" time="0.01"/>
  <testcase name="Given User &quot;johnDoe@gmail.com&quot; with password &quot;ExtreamnelyHardPa$$&quot; is registered" classname="| 50 | Ipad | 5 | 45 |" time="0"/>
  <testcase name="When User &quot;johnDoe@gmail.com&quot; with password &quot;ExtreamnelyHardPa$$&quot; logs in" classname="| 50 | Ipad | 5 | 45 |" time="0"/>
  <testcase name="And User  &quot;johnDoe@gmail.com&quot; should be navigated to HomePage" classname="| 50 | Ipad | 5 | 45 |" time="0"/>
  <testcase name="Given Apple store has 50 &quot;Ipad&quot;" classname="| 50 | Ipad | 5 | 45 |" time="0">
    <skipped/>
    <system-out><![CDATA[
  Background:                                                                        &amp#27;[90m# features/BackgroundAndOutline.feature:3&amp#27;[0m
    &amp#27;[32mGiven &amp#27;[0m&amp#27;[32mUser "&amp#27;[0m&amp#27;[32m&amp#27;[1mjohnDoe@gmail.com&amp#27;[0m&amp#27;[32m" with password "&amp#27;[0m&amp#27;[32m&amp#27;[1mExtreamnelyHardPa$$&amp#27;[0m&amp#27;[32m" is registered&amp#27;[0m &amp#27;[90m# ParamStepDefs.user_with_password_is_registered(String,String)&amp#27;[0m
    &amp#27;[32mWhen &amp#27;[0m&amp#27;[32mUser "&amp#27;[0m&amp#27;[32m&amp#27;[1mjohnDoe@gmail.com&amp#27;[0m&amp#27;[32m" with password "&amp#27;[0m&amp#27;[32m&amp#27;[1mExtreamnelyHardPa$$&amp#27;[0m&amp#27;[32m" logs in&amp#27;[0m        &amp#27;[90m# ParamStepDefs.user_with_password_logs_in(String,String)&amp#27;[0m
    &amp#27;[32mAnd &amp#27;[0m&amp#27;[32mUser  "&amp#27;[0m&amp#27;[32m&amp#27;[1mjohnDoe@gmail.com&amp#27;[0m&amp#27;[32m" should be navigated to HomePage&amp#27;[0m                    &amp#27;[90m# ParamStepDefs.userShouldBeNavigatedToHomePage(String)&amp#27;[0m
]]></system-out>
  </testcase>
  <testcase name="When User buys 5 &quot;Ipad&quot;" classname="| 50 | Ipad | 5 | 45 |" time="0">
    <skipped/>
  </testcase>
  <testcase name="Then User should have 5 &quot;Ipad&quot;" classname="| 50 | Ipad | 5 | 45 |" time="0">
    <skipped/>
  </testcase>
  <testcase name="And Apple Store should have 45 &quot;Ipad&quot;" classname="| 50 | Ipad | 5 | 45 |" time="0">
    <skipped/>
  </testcase>
  <testcase name="| 50 | Ipad | 5 | 45 |" classname="| 50 | Ipad | 5 | 45 |" time="0">
    <skipped/>
  </testcase>
  <testcase name="| 50 | Ipad | 5 | 45 |" classname="| 50 | Ipad | 5 | 45 |" time="0.008"/>
  <testcase name="Given User &quot;johnDoe@gmail.com&quot; with password &quot;ExtreamnelyHardPa$$&quot; is registered" classname="| 80 | Watches | 10 | 70 |" time="0"/>
  <testcase name="When User &quot;johnDoe@gmail.com&quot; with password &quot;ExtreamnelyHardPa$$&quot; logs in" classname="| 80 | Watches | 10 | 70 |" time="0"/>
  <testcase name="And User  &quot;johnDoe@gmail.com&quot; should be navigated to HomePage" classname="| 80 | Watches | 10 | 70 |" time="0"/>
  <testcase name="Given Apple store has 80 &quot;Watches&quot;" classname="| 80 | Watches | 10 | 70 |" time="0">
    <skipped/>
    <system-out><![CDATA[
  Background:                                                                        &amp#27;[90m# features/BackgroundAndOutline.feature:3&amp#27;[0m
    &amp#27;[32mGiven &amp#27;[0m&amp#27;[32mUser "&amp#27;[0m&amp#27;[32m&amp#27;[1mjohnDoe@gmail.com&amp#27;[0m&amp#27;[32m" with password "&amp#27;[0m&amp#27;[32m&amp#27;[1mExtreamnelyHardPa$$&amp#27;[0m&amp#27;[32m" is registered&amp#27;[0m &amp#27;[90m# ParamStepDefs.user_with_password_is_registered(String,String)&amp#27;[0m
    &amp#27;[32mWhen &amp#27;[0m&amp#27;[32mUser "&amp#27;[0m&amp#27;[32m&amp#27;[1mjohnDoe@gmail.com&amp#27;[0m&amp#27;[32m" with password "&amp#27;[0m&amp#27;[32m&amp#27;[1mExtreamnelyHardPa$$&amp#27;[0m&amp#27;[32m" logs in&amp#27;[0m        &amp#27;[90m# ParamStepDefs.user_with_password_logs_in(String,String)&amp#27;[0m
    &amp#27;[32mAnd &amp#27;[0m&amp#27;[32mUser  "&amp#27;[0m&amp#27;[32m&amp#27;[1mjohnDoe@gmail.com&amp#27;[0m&amp#27;[32m" should be navigated to HomePage&amp#27;[0m                    &amp#27;[90m# ParamStepDefs.userShouldBeNavigatedToHomePage(String)&amp#27;[0m
]]></system-out>
  </testcase>
  <testcase name="When User buys 10 &quot;Watches&quot;" classname="| 80 | Watches | 10 | 70 |" time="0">
    <skipped/>
  </testcase>
  <testcase name="Then User should have 10 &quot;Watches&quot;" classname="| 80 | Watches | 10 | 70 |" time="0">
    <skipped/>
  </testcase>
  <testcase name="And Apple Store should have 70 &quot;Watches&quot;" classname="| 80 | Watches | 10 | 70 |" time="0">
    <skipped/>
  </testcase>
  <testcase name="| 80 | Watches | 10 | 70 |" classname="| 80 | Watches | 10 | 70 |" time="0">
    <skipped/>
  </testcase>
  <testcase name="| 80 | Watches | 10 | 70 |" classname="| 80 | Watches | 10 | 70 |" time="0.009"/>
  <testcase name="Given User &quot;johnDoe@gmail.com&quot; with password &quot;ExtreamnelyHardPa$$&quot; is registered" classname="| 11 | Mac | 10 | 1 |" time="0"/>
  <testcase name="When User &quot;johnDoe@gmail.com&quot; with password &quot;ExtreamnelyHardPa$$&quot; logs in" classname="| 11 | Mac | 10 | 1 |" time="0"/>
  <testcase name="And User  &quot;johnDoe@gmail.com&quot; should be navigated to HomePage" classname="| 11 | Mac | 10 | 1 |" time="0"/>
  <testcase name="Given Apple store has 11 &quot;Mac&quot;" classname="| 11 | Mac | 10 | 1 |" time="0">
    <skipped/>
    <system-out><![CDATA[
  Background:                                                                        &amp#27;[90m# features/BackgroundAndOutline.feature:3&amp#27;[0m
    &amp#27;[32mGiven &amp#27;[0m&amp#27;[32mUser "&amp#27;[0m&amp#27;[32m&amp#27;[1mjohnDoe@gmail.com&amp#27;[0m&amp#27;[32m" with password "&amp#27;[0m&amp#27;[32m&amp#27;[1mExtreamnelyHardPa$$&amp#27;[0m&amp#27;[32m" is registered&amp#27;[0m &amp#27;[90m# ParamStepDefs.user_with_password_is_registered(String,String)&amp#27;[0m
    &amp#27;[32mWhen &amp#27;[0m&amp#27;[32mUser "&amp#27;[0m&amp#27;[32m&amp#27;[1mjohnDoe@gmail.com&amp#27;[0m&amp#27;[32m" with password "&amp#27;[0m&amp#27;[32m&amp#27;[1mExtreamnelyHardPa$$&amp#27;[0m&amp#27;[32m" logs in&amp#27;[0m        &amp#27;[90m# ParamStepDefs.user_with_password_logs_in(String,String)&amp#27;[0m
    &amp#27;[32mAnd &amp#27;[0m&amp#27;[32mUser  "&amp#27;[0m&amp#27;[32m&amp#27;[1mjohnDoe@gmail.com&amp#27;[0m&amp#27;[32m" should be navigated to HomePage&amp#27;[0m                    &amp#27;[90m# ParamStepDefs.userShouldBeNavigatedToHomePage(String)&amp#27;[0m
]]></system-out>
  </testcase>
  <testcase name="When User buys 10 &quot;Mac&quot;" classname="| 11 | Mac | 10 | 1 |" time="0">
    <skipped/>
  </testcase>
  <testcase name="Then User should have 10 &quot;Mac&quot;" classname="| 11 | Mac | 10 | 1 |" time="0">
    <skipped/>
  </testcase>
  <testcase name="And Apple Store should have 1 &quot;Mac&quot;" classname="| 11 | Mac | 10 | 1 |" time="0">
    <skipped/>
  </testcase>
  <testcase name="| 11 | Mac | 10 | 1 |" classname="| 11 | Mac | 10 | 1 |" time="0">
    <skipped/>
  </testcase>
  <testcase name="| 11 | Mac | 10 | 1 |" classname="| 11 | Mac | 10 | 1 |" time="0.008"/>
  <testcase name="Given the following invoices are created" classname="Scenario: Data table  -Great" time="0"/>
  <testcase name="When user sends the above invoices" classname="Scenario: Data table  -Great" time="0"/>
  <testcase name="Then user should have 522 in total invoices report" classname="Scenario: Data table  -Great" time="0">
    <skipped/>
  </testcase>
  <testcase name="Scenario: Data table  -Great" classname="Scenario: Data table  -Great" time="0">
    <skipped/>
  </testcase>
  <testcase name="Scenario: Data table  -Great" classname="Scenario: Data table  -Great" time="0.002"/>
  <testcase name="Given User &quot;tim@apple.com&quot; with password &quot;timceo&quot; is registered" classname="Scenario: Login With Params" time="0"/>
  <testcase name="When User &quot;tim@apple.com&quot; with password &quot;timceo&quot; logs in" classname="Scenario: Login With Params" time="0"/>
  <testcase name="Then User &quot;tim@apple.com&quot; should be navigated to Homepage" classname="Scenario: Login With Params" time="0"/>
  <testcase name="Scenario: Login With Params" classname="Scenario: Login With Params" time="0"/>
</testsuite>